<?xml version="1.0" encoding="UTF-8"?>
<!-- Generated by org.testng.reporters.JUnitReportReporter -->
<testsuite hostname="DESKTOP-LH0VLBU" failures="0" tests="1" name="test.LoginTest" time="3.437" errors="0" timestamp="2023-01-08T10:42:46 CST" skipped="0">
  <testcase classname="test.LoginTest" name="validUserShouldBeAbleToLogin" time="3.437"/>
  <system-out/>
</testsuite> <!-- test.LoginTest -->
