<?xml version="1.0" encoding="UTF-8"?>
<!-- Generated by org.testng.reporters.JUnitReportReporter -->
<testsuite hostname="DESKTOP-LH0VLBU" failures="0" tests="1" name="test.ListCustomerTest" time="17.052" errors="0" timestamp="2023-01-17T18:43:28 CST" skipped="0">
  <testcase classname="test.ListCustomerTest" name="ValidUserShoulBeTbleToAddCustomerFromListCustomer" time="17.052"/>
  <system-out/>
</testsuite> <!-- test.ListCustomerTest -->
